<?xml version="1.0" encoding="UTF-8"?>
<!-- Generated by org.testng.reporters.JUnitXMLReporter -->
<testsuite ignored="0" hostname="RoshiniMiniPC" failures="1" tests="1" name="Login Tests" time="5.416" errors="0" timestamp="2025-01-23T17:45:16 EST">
  <testcase classname="com.guru99.tests.LoginTests" name="verifyUserLoginWithValidCredentials" time="1.003">
    <failure type="java.lang.AssertionError" message="expected [GTPL Bank Manager HomePage] but found [GTPL Baank Manager HomePage]">
      <![CDATA[java.lang.AssertionError: expected [GTPL Bank Manager HomePage] but found [GTPL Baank Manager HomePage]
at com.guru99.tests.LoginTests.verifyUserLoginWithValidCredentials(LoginTests.java:20)
at java.base/java.util.ArrayList.forEach(ArrayList.java:1597)
... Removed 31 stack frames]]>
    </failure>
  </testcase> <!-- verifyUserLoginWithValidCredentials -->
</testsuite> <!-- Login Tests -->
