<?xml version="1.0" encoding="UTF-8"?>
<!-- Generated by org.testng.reporters.JUnitXMLReporter -->
<testsuite ignored="0" hostname="RoshiniMiniPC" failures="0" tests="1" name="Login Tests(failed)" time="0.03" errors="0" timestamp="2025-01-23T17:08:15 EST">
  <testcase classname="com.guru99.tests.BaseTests" name="@BeforeClass setup" time="0.001">
    <failure type="java.lang.NullPointerException" message="Cannot invoke &amp;quot;org.openqa.selenium.WebDriver.manage()&amp;quot; because &amp;quot;this.driver&amp;quot; is null">
      <![CDATA[java.lang.NullPointerException: Cannot invoke "org.openqa.selenium.WebDriver.manage()" because "this.driver" is null
at commonLibs.implementation.CommonDriver.<init>(CommonDriver.java:30)
at com.guru99.tests.BaseTests.setup(BaseTests.java:43)
at java.base/java.util.ArrayList.forEach(ArrayList.java:1597)
... Removed 23 stack frames]]>
    </failure>
  </testcase> <!-- @BeforeClass setup -->
  <testcase classname="com.guru99.tests.BaseTests" name="@AfterClass tearDown" time="0.0">
    <skipped/>
  </testcase> <!-- @AfterClass tearDown -->
  <testcase classname="com.guru99.tests.LoginTests" name="verifyUserLoginWithValidCredentials" time="0.0">
    <skipped/>
  </testcase> <!-- verifyUserLoginWithValidCredentials -->
</testsuite> <!-- Login Tests(failed) -->
